2025-12-30 20:50:57,526 INFO ops evidence deleted hash=96cae35ce8a9b0244178bf28e4966c2ce1b8385723a96a6b838858cdd6ca0a1e keep_files=True
2025-12-30 20:51:02,784 INFO ops evidence processed hash=96cae35ce8a9b0244178bf28e4966c2ce1b8385723a96a6b838858cdd6ca0a1e ots=failed tsa=success
2025-12-30 20:52:27,092 INFO ops evidence deleted hash=96cae35ce8a9b0244178bf28e4966c2ce1b8385723a96a6b838858cdd6ca0a1e keep_files=True
2025-12-30 20:52:33,657 INFO ops evidence processed hash=96cae35ce8a9b0244178bf28e4966c2ce1b8385723a96a6b838858cdd6ca0a1e ots=failed tsa=success
2025-12-30 20:54:51,254 INFO ops evidence deleted hash=96cae35ce8a9b0244178bf28e4966c2ce1b8385723a96a6b838858cdd6ca0a1e keep_files=True
2025-12-30 20:54:56,587 INFO ops evidence processed hash=96cae35ce8a9b0244178bf28e4966c2ce1b8385723a96a6b838858cdd6ca0a1e ots=failed tsa=failed
2025-12-30 20:55:47,828 INFO ops evidence processed hash=4654d793972c3b6a1d48fb0ab58d9cb0de46c3d33d605f9222c283dfaa12d420 ots=failed tsa=failed
2025-12-30 20:56:56,180 INFO ops evidence processed hash=cbfad02f9ed2a8d1e08d8f74f5303e9eb93637d47f82ab6f1c15871cf8dd0481 ots=failed tsa=failed
2025-12-30 20:59:08,259 INFO ops evidence processed hash=3ea87a56da3844b420ec2925ae922bc731ec16a4fc44dcbeafdad49b0e61d39c ots=failed tsa=failed
2025-12-30 21:00:26,732 INFO ops evidence processed hash=23eca93c271e6ecf8e24f3b0045436cc6bb7456a715c3bfc6d86fd708518de97 ots=failed tsa=failed
2025-12-30 21:01:24,379 INFO ops evidence processed hash=8d6c5597d25eca212ea6c6cacc0a02e247b8c631343a70147cb81374ff72f414 ots=failed tsa=failed
2025-12-30 21:03:56,236 INFO ops evidence processed hash=1a70cbfaed4964e42807bae68956754b58ca3f36c01ca466d17295962f86ab6c ots=failed tsa=disabled
2025-12-30 21:06:29,562 INFO ops evidence processed hash=0a9c64dd18b9ec08588427cb1682eb33edc95161b0e2f0cf8c7beceda6db9dce ots=failed tsa=disabled
2025-12-31 18:51:48,699 INFO ops evidence processed hash=932f3c1b56257ce8539ac269d7aab42550dacf8818d075f0bdf1990562aae3ef ots=failed tsa=disabled
2025-12-31 18:53:05,535 INFO ops evidence processed hash=7dfff866c2dbc36cb419cf2a17f46339a049ada653ad437f9dce192d1fd5bba9 ots=failed tsa=disabled
2025-12-31 19:05:33,172 INFO ops evidence processed hash=698eba0e5bb48c6faf36a5eb873c24a70ece67476303c173b270cdab812557ba ots=success tsa=disabled
2025-12-31 21:12:36,084 INFO ops evidence processed hash=a665a45920422f9d417e4867efdc4fb8a04a1f3fff1fa07e998e86f7f7a27ae3 ots=success tsa=disabled
2025-12-31 21:29:45,159 INFO ops evidence processed hash=cbfad02f9ed2a8d1e08d8f74f5303e9eb93637d47f82ab6f1c15871cf8dd0481 ots=disabled tsa=failed
2025-12-31 21:32:35,970 INFO ops evidence processed hash=cbfad02f9ed2a8d1e08d8f74f5303e9eb93637d47f82ab6f1c15871cf8dd0481 ots=disabled tsa=failed
2025-12-31 21:36:21,313 INFO ops evidence processed hash=cbfad02f9ed2a8d1e08d8f74f5303e9eb93637d47f82ab6f1c15871cf8dd0481 ots=disabled tsa=success
2025-12-31 21:48:05,543 INFO ops evidence processed hash=65e84be33532fb784c48129675f9eff3a682b27168c0ea744b2cf58ee02337c5 ots=success tsa=disabled
2025-12-31 21:48:13,530 INFO ops evidence processed hash=65e84be33532fb784c48129675f9eff3a682b27168c0ea744b2cf58ee02337c5 ots=success tsa=success
2025-12-31 21:48:25,083 INFO ops evidence processed hash=65e84be33532fb784c48129675f9eff3a682b27168c0ea744b2cf58ee02337c5 ots=success tsa=success
2025-12-31 21:49:00,897 INFO ops evidence deleted hash=96cae35ce8a9b0244178bf28e4966c2ce1b8385723a96a6b838858cdd6ca0a1e keep_files=True
2025-12-31 21:49:02,368 INFO ops evidence deleted hash=4654d793972c3b6a1d48fb0ab58d9cb0de46c3d33d605f9222c283dfaa12d420 keep_files=True
2025-12-31 21:49:03,914 INFO ops evidence deleted hash=cbfad02f9ed2a8d1e08d8f74f5303e9eb93637d47f82ab6f1c15871cf8dd0481 keep_files=True
2025-12-31 21:49:05,476 INFO ops evidence deleted hash=3ea87a56da3844b420ec2925ae922bc731ec16a4fc44dcbeafdad49b0e61d39c keep_files=True
2025-12-31 21:49:07,083 INFO ops evidence deleted hash=23eca93c271e6ecf8e24f3b0045436cc6bb7456a715c3bfc6d86fd708518de97 keep_files=True
2025-12-31 21:49:08,876 INFO ops evidence deleted hash=8d6c5597d25eca212ea6c6cacc0a02e247b8c631343a70147cb81374ff72f414 keep_files=True
2025-12-31 21:49:10,473 INFO ops evidence deleted hash=1a70cbfaed4964e42807bae68956754b58ca3f36c01ca466d17295962f86ab6c keep_files=True
2025-12-31 21:49:11,904 INFO ops evidence deleted hash=0a9c64dd18b9ec08588427cb1682eb33edc95161b0e2f0cf8c7beceda6db9dce keep_files=True
2025-12-31 21:49:13,043 INFO ops evidence deleted hash=932f3c1b56257ce8539ac269d7aab42550dacf8818d075f0bdf1990562aae3ef keep_files=True
2025-12-31 21:49:15,136 INFO ops evidence deleted hash=7dfff866c2dbc36cb419cf2a17f46339a049ada653ad437f9dce192d1fd5bba9 keep_files=True
2025-12-31 21:49:16,226 INFO ops evidence deleted hash=698eba0e5bb48c6faf36a5eb873c24a70ece67476303c173b270cdab812557ba keep_files=True
2025-12-31 21:57:19,804 INFO ops evidence processed hash=6b51d431df5d7f141cbececcf79edf3dd861c3b4069f0b11661a3eefacbba918 ots=success tsa=disabled
2025-12-31 21:57:22,297 INFO ops evidence processed hash=4654d793972c3b6a1d48fb0ab58d9cb0de46c3d33d605f9222c283dfaa12d420 ots=disabled tsa=success
2025-12-31 22:20:24,180 INFO ops evidence deleted hash=65e84be33532fb784c48129675f9eff3a682b27168c0ea744b2cf58ee02337c5 keep_files=False
2025-12-31 22:20:36,444 INFO ops evidence processed hash=65e84be33532fb784c48129675f9eff3a682b27168c0ea744b2cf58ee02337c5 ots=success tsa=success
2025-12-31 22:20:59,935 INFO ops evidence processed hash=f6ff5adab5180a3d10ffb611f2caddd0a2b0922bde398ad186e946480bec3943 ots=disabled tsa=success
2025-12-31 22:24:48,805 INFO ops evidence processed hash=4fef4355420472697c29dc9e15179693af05bf244f785d5e78d3c43671051d4d ots=disabled tsa=success
2025-12-31 22:51:16,487 INFO ops evidence processed hash=dda0c54ae67ff9bd20ee513b51832bca93a234e5bc5d3ca686fddb089af4b523 ots=success tsa=success
2025-12-31 23:08:12,979 INFO ops evidence processed hash=0479734c95c6271fcfa69fccdc4dd87d3d1b8490cf3f916b907ebd2b88cc4dd3 ots=success tsa=success
2026-01-01 11:32:51,931 INFO ops evidence processed hash=a515608a28664ce43020812c9752f4342688ed566d6f4b93a8887e72a9fbcc34 ots=success tsa=success
